Determining if the pthread_create exist failed with the following output:
Change Dir: /home/helton/mls/mls-mpm88_3d/build/CMakeFiles/CMakeTmp

Run Build Command:"/usr/bin/make" "cmTC_3ee47/fast"
/usr/bin/make -f CMakeFiles/cmTC_3ee47.dir/build.make CMakeFiles/cmTC_3ee47.dir/build
make[1]: Entering directory '/home/helton/mls/mls-mpm88_3d/build/CMakeFiles/CMakeTmp'
Building C object CMakeFiles/cmTC_3ee47.dir/CheckSymbolExists.c.o
/usr/bin/cc    -o CMakeFiles/cmTC_3ee47.dir/CheckSymbolExists.c.o   -c /home/helton/mls/mls-mpm88_3d/build/CMakeFiles/CMakeTmp/CheckSymbolExists.c
Linking C executable cmTC_3ee47
/usr/bin/cmake -E cmake_link_script CMakeFiles/cmTC_3ee47.dir/link.txt --verbose=1
/usr/bin/cc      -rdynamic CMakeFiles/cmTC_3ee47.dir/CheckSymbolExists.c.o  -o cmTC_3ee47 
CMakeFiles/cmTC_3ee47.dir/CheckSymbolExists.c.o: Na função "main":
CheckSymbolExists.c:(.text+0x1b): referência não definida para "pthread_create"
collect2: error: ld returned 1 exit status
CMakeFiles/cmTC_3ee47.dir/build.make:97: recipe for target 'cmTC_3ee47' failed
make[1]: *** [cmTC_3ee47] Error 1
make[1]: Leaving directory '/home/helton/mls/mls-mpm88_3d/build/CMakeFiles/CMakeTmp'
Makefile:126: recipe for target 'cmTC_3ee47/fast' failed
make: *** [cmTC_3ee47/fast] Error 2

File /home/helton/mls/mls-mpm88_3d/build/CMakeFiles/CMakeTmp/CheckSymbolExists.c:
/* */
#include <pthread.h>

int main(int argc, char** argv)
{
  (void)argv;
#ifndef pthread_create
  return ((int*)(&pthread_create))[argc];
#else
  (void)argc;
  return 0;
#endif
}

Determining if the function pthread_create exists in the pthreads failed with the following output:
Change Dir: /home/helton/mls/mls-mpm88_3d/build/CMakeFiles/CMakeTmp

Run Build Command:"/usr/bin/make" "cmTC_1999b/fast"
/usr/bin/make -f CMakeFiles/cmTC_1999b.dir/build.make CMakeFiles/cmTC_1999b.dir/build
make[1]: Entering directory '/home/helton/mls/mls-mpm88_3d/build/CMakeFiles/CMakeTmp'
Building C object CMakeFiles/cmTC_1999b.dir/CheckFunctionExists.c.o
/usr/bin/cc   -DCHECK_FUNCTION_EXISTS=pthread_create   -o CMakeFiles/cmTC_1999b.dir/CheckFunctionExists.c.o   -c /usr/share/cmake-3.10/Modules/CheckFunctionExists.c
Linking C executable cmTC_1999b
/usr/bin/cmake -E cmake_link_script CMakeFiles/cmTC_1999b.dir/link.txt --verbose=1
/usr/bin/cc  -DCHECK_FUNCTION_EXISTS=pthread_create    -rdynamic CMakeFiles/cmTC_1999b.dir/CheckFunctionExists.c.o  -o cmTC_1999b -lpthreads 
/usr/bin/ld: não foi possível localizar -lpthreads
collect2: error: ld returned 1 exit status
CMakeFiles/cmTC_1999b.dir/build.make:97: recipe for target 'cmTC_1999b' failed
make[1]: *** [cmTC_1999b] Error 1
make[1]: Leaving directory '/home/helton/mls/mls-mpm88_3d/build/CMakeFiles/CMakeTmp'
Makefile:126: recipe for target 'cmTC_1999b/fast' failed
make: *** [cmTC_1999b/fast] Error 2


