Determining if the pthread_create exist failed with the following output:
Change Dir: /home/helton/projetos/taichi_simul/mls-mpm88/build/CMakeFiles/CMakeTmp

Run Build Command:"/usr/bin/make" "cmTC_70022/fast"
/usr/bin/make -f CMakeFiles/cmTC_70022.dir/build.make CMakeFiles/cmTC_70022.dir/build
make[1]: Entering directory '/home/helton/projetos/taichi_simul/mls-mpm88/build/CMakeFiles/CMakeTmp'
Building C object CMakeFiles/cmTC_70022.dir/CheckSymbolExists.c.o
/usr/bin/gcc    -o CMakeFiles/cmTC_70022.dir/CheckSymbolExists.c.o   -c /home/helton/projetos/taichi_simul/mls-mpm88/build/CMakeFiles/CMakeTmp/CheckSymbolExists.c
Linking C executable cmTC_70022
/usr/bin/cmake -E cmake_link_script CMakeFiles/cmTC_70022.dir/link.txt --verbose=1
/usr/bin/gcc      -rdynamic CMakeFiles/cmTC_70022.dir/CheckSymbolExists.c.o  -o cmTC_70022 
CMakeFiles/cmTC_70022.dir/CheckSymbolExists.c.o: Na função "main":
CheckSymbolExists.c:(.text+0x1b): referência não definida para "pthread_create"
collect2: error: ld returned 1 exit status
CMakeFiles/cmTC_70022.dir/build.make:97: recipe for target 'cmTC_70022' failed
make[1]: *** [cmTC_70022] Error 1
make[1]: Leaving directory '/home/helton/projetos/taichi_simul/mls-mpm88/build/CMakeFiles/CMakeTmp'
Makefile:126: recipe for target 'cmTC_70022/fast' failed
make: *** [cmTC_70022/fast] Error 2

File /home/helton/projetos/taichi_simul/mls-mpm88/build/CMakeFiles/CMakeTmp/CheckSymbolExists.c:
/* */
#include <pthread.h>

int main(int argc, char** argv)
{
  (void)argv;
#ifndef pthread_create
  return ((int*)(&pthread_create))[argc];
#else
  (void)argc;
  return 0;
#endif
}

Determining if the function pthread_create exists in the pthreads failed with the following output:
Change Dir: /home/helton/projetos/taichi_simul/mls-mpm88/build/CMakeFiles/CMakeTmp

Run Build Command:"/usr/bin/make" "cmTC_0294e/fast"
/usr/bin/make -f CMakeFiles/cmTC_0294e.dir/build.make CMakeFiles/cmTC_0294e.dir/build
make[1]: Entering directory '/home/helton/projetos/taichi_simul/mls-mpm88/build/CMakeFiles/CMakeTmp'
Building C object CMakeFiles/cmTC_0294e.dir/CheckFunctionExists.c.o
/usr/bin/gcc   -DCHECK_FUNCTION_EXISTS=pthread_create   -o CMakeFiles/cmTC_0294e.dir/CheckFunctionExists.c.o   -c /usr/share/cmake-3.10/Modules/CheckFunctionExists.c
Linking C executable cmTC_0294e
/usr/bin/cmake -E cmake_link_script CMakeFiles/cmTC_0294e.dir/link.txt --verbose=1
/usr/bin/gcc  -DCHECK_FUNCTION_EXISTS=pthread_create    -rdynamic CMakeFiles/cmTC_0294e.dir/CheckFunctionExists.c.o  -o cmTC_0294e -lpthreads 
/usr/bin/ld: não foi possível localizar -lpthreads
collect2: error: ld returned 1 exit status
CMakeFiles/cmTC_0294e.dir/build.make:97: recipe for target 'cmTC_0294e' failed
make[1]: *** [cmTC_0294e] Error 1
make[1]: Leaving directory '/home/helton/projetos/taichi_simul/mls-mpm88/build/CMakeFiles/CMakeTmp'
Makefile:126: recipe for target 'cmTC_0294e/fast' failed
make: *** [cmTC_0294e/fast] Error 2


